<?xml version="1.0" encoding="UTF-8"?>
<testsuite name="StringInverterTest" tests="1" skipped="0" failures="0" errors="0" timestamp="2022-11-08T09:37:29" hostname="luis-VivoBook-ASUSLaptop-X521EQ-S533EQ" time="0.012">
  <properties/>
  <testcase name="stringInverter()" classname="StringInverterTest" time="0.012"/>
  <system-out><![CDATA[]]></system-out>
  <system-err><![CDATA[]]></system-err>
</testsuite>
