<?xml version="1.0" encoding="UTF-8"?>
<testsuite name="HumanClientTest" tests="2" skipped="0" failures="0" errors="0" timestamp="2022-11-17T13:54:16" hostname="luis-VivoBook-ASUSLaptop-X521EQ-S533EQ" time="0.296">
  <properties/>
  <testcase name="removeObserver()" classname="HumanClientTest" time="0.291"/>
  <testcase name="addObserver()" classname="HumanClientTest" time="0.005"/>
  <system-out><![CDATA[]]></system-out>
  <system-err><![CDATA[]]></system-err>
</testsuite>
