<?xml version="1.0" encoding="UTF-8"?>
<testsuite name="StringTransformerTest" tests="5" skipped="0" failures="0" errors="0" timestamp="2022-11-08T10:12:32" hostname="luis-VivoBook-ASUSLaptop-X521EQ-S533EQ" time="0.016">
  <properties/>
  <testcase name="stringReplacer()" classname="StringTransformerTest" time="0.011"/>
  <testcase name="stringDrink()" classname="StringTransformerTest" time="0.001"/>
  <testcase name="stringInverter()" classname="StringTransformerTest" time="0.001"/>
  <testcase name="stringRecipe()" classname="StringTransformerTest" time="0.001"/>
  <testcase name="stringCaseChanger()" classname="StringTransformerTest" time="0.001"/>
  <system-out><![CDATA[]]></system-out>
  <system-err><![CDATA[]]></system-err>
</testsuite>
