<?xml version="1.0" encoding="UTF-8"?>
<testsuite name="AlienClientTest" tests="3" skipped="0" failures="0" errors="0" timestamp="2022-11-26T14:30:27" hostname="luis-VivoBook-ASUSLaptop-X521EQ-S533EQ" time="0.018">
  <properties/>
  <testcase name="ferengiStartClosed()" classname="AlienClientTest" time="0.016"/>
  <testcase name="ferengiAlreadyOpened()" classname="AlienClientTest" time="0.001"/>
  <testcase name="romulan()" classname="AlienClientTest" time="0.001"/>
  <system-out><![CDATA[]]></system-out>
  <system-err><![CDATA[]]></system-err>
</testsuite>
