<?xml version="1.0" encoding="UTF-8"?>
<testsuite name="StringTransformerTest" tests="3" skipped="0" failures="0" errors="0" timestamp="2022-11-08T09:55:47" hostname="luis-VivoBook-ASUSLaptop-X521EQ-S533EQ" time="0.013">
  <properties/>
  <testcase name="stringDrink()" classname="StringTransformerTest" time="0.01"/>
  <testcase name="stringInverter()" classname="StringTransformerTest" time="0.001"/>
  <testcase name="stringCaseChanger()" classname="StringTransformerTest" time="0.001"/>
  <system-out><![CDATA[]]></system-out>
  <system-err><![CDATA[]]></system-err>
</testsuite>
