<?xml version="1.0" encoding="UTF-8"?>
<testsuite name="HumanClientTest" tests="2" skipped="0" failures="0" errors="0" timestamp="2022-11-15T09:34:45" hostname="luis-VivoBook-ASUSLaptop-X521EQ-S533EQ" time="0.216">
  <properties/>
  <testcase name="removeObserver()" classname="HumanClientTest" time="0.212"/>
  <testcase name="addObserver()" classname="HumanClientTest" time="0.003"/>
  <system-out><![CDATA[]]></system-out>
  <system-err><![CDATA[]]></system-err>
</testsuite>
