<?xml version="1.0" encoding="UTF-8"?>
<testsuite name="BarTest" tests="1" skipped="0" failures="0" errors="0" timestamp="2022-11-15T09:34:45" hostname="luis-VivoBook-ASUSLaptop-X521EQ-S533EQ" time="0.002">
  <properties/>
  <testcase name="happyHour()" classname="BarTest" time="0.002"/>
  <system-out><![CDATA[]]></system-out>
  <system-err><![CDATA[]]></system-err>
</testsuite>
