<?xml version="1.0" encoding="UTF-8"?>
<testsuite name="BarTest" tests="1" skipped="0" failures="0" errors="0" timestamp="2022-11-17T13:54:16" hostname="luis-VivoBook-ASUSLaptop-X521EQ-S533EQ" time="0.001">
  <properties/>
  <testcase name="happyHour()" classname="BarTest" time="0.001"/>
  <system-out><![CDATA[]]></system-out>
  <system-err><![CDATA[]]></system-err>
</testsuite>
