<?xml version="1.0" encoding="UTF-8"?>
<testsuite name="StringTransformerTest" tests="6" skipped="0" failures="0" errors="0" timestamp="2022-11-15T09:34:45" hostname="luis-VivoBook-ASUSLaptop-X521EQ-S533EQ" time="0.005">
  <properties/>
  <testcase name="stringReplacer()" classname="StringTransformerTest" time="0.002"/>
  <testcase name="stringDrink()" classname="StringTransformerTest" time="0.001"/>
  <testcase name="stringInverter()" classname="StringTransformerTest" time="0.0"/>
  <testcase name="transformerGroup()" classname="StringTransformerTest" time="0.0"/>
  <testcase name="stringRecipe()" classname="StringTransformerTest" time="0.001"/>
  <testcase name="stringCaseChanger()" classname="StringTransformerTest" time="0.0"/>
  <system-out><![CDATA[]]></system-out>
  <system-err><![CDATA[]]></system-err>
</testsuite>
