<?xml version="1.0" encoding="UTF-8"?>
<testsuite name="com.aor.numbers.PositiveFilterSpock" tests="1" skipped="0" failures="0" errors="0" timestamp="2022-11-12T00:07:17" hostname="luis-VivoBook-ASUSLaptop-X521EQ-S533EQ" time="0.004">
  <properties/>
  <testcase name="accept positives" classname="com.aor.numbers.PositiveFilterSpock" time="0.004"/>
  <system-out><![CDATA[]]></system-out>
  <system-err><![CDATA[]]></system-err>
</testsuite>
