<?xml version="1.0" encoding="UTF-8"?>
<testsuite name="com.aor.numbers.ListAggregatorSpock" tests="4" skipped="0" failures="0" errors="0" timestamp="2022-11-12T00:07:17" hostname="luis-VivoBook-ASUSLaptop-X521EQ-S533EQ" time="0.008">
  <properties/>
  <testcase name="sum" classname="com.aor.numbers.ListAggregatorSpock" time="0.002"/>
  <testcase name="minimum" classname="com.aor.numbers.ListAggregatorSpock" time="0.001"/>
  <testcase name="maximum" classname="com.aor.numbers.ListAggregatorSpock" time="0.001"/>
  <testcase name="distinct" classname="com.aor.numbers.ListAggregatorSpock" time="0.004"/>
  <system-out><![CDATA[]]></system-out>
  <system-err><![CDATA[]]></system-err>
</testsuite>
