<?xml version="1.0" encoding="UTF-8"?>
<testsuite name="com.aor.numbers.DivisibleByFilterTest" tests="2" skipped="0" failures="0" errors="0" timestamp="2022-10-11T15:50:36" hostname="luis-VivoBook-ASUSLaptop-X521EQ-S533EQ" time="0.031">
  <properties/>
  <testcase name="acceptdivideby2()" classname="com.aor.numbers.DivisibleByFilterTest" time="0.029"/>
  <testcase name="acceptdivideby3()" classname="com.aor.numbers.DivisibleByFilterTest" time="0.001"/>
  <system-out><![CDATA[]]></system-out>
  <system-err><![CDATA[]]></system-err>
</testsuite>
