<?xml version="1.0" encoding="UTF-8"?>
<testsuite name="com.aor.numbers.ListDeduplicatorTest" tests="2" skipped="0" failures="0" errors="0" timestamp="2022-10-25T09:17:23" hostname="luis-VivoBook-ASUSLaptop-X521EQ-S533EQ" time="0.009">
  <properties/>
  <testcase name="deduplicate()" classname="com.aor.numbers.ListDeduplicatorTest" time="0.008"/>
  <testcase name="bug_deduplicate_8726()" classname="com.aor.numbers.ListDeduplicatorTest" time="0.001"/>
  <system-out><![CDATA[]]></system-out>
  <system-err><![CDATA[]]></system-err>
</testsuite>
