<?xml version="1.0" encoding="UTF-8"?>
<testsuite name="com.aor.numbers.ListDeduplicatorSpock" tests="2" skipped="0" failures="0" errors="0" timestamp="2022-11-12T00:07:17" hostname="luis-VivoBook-ASUSLaptop-X521EQ-S533EQ" time="0.016">
  <properties/>
  <testcase name="deduplicate" classname="com.aor.numbers.ListDeduplicatorSpock" time="0.015"/>
  <testcase name="bug_8726" classname="com.aor.numbers.ListDeduplicatorSpock" time="0.001"/>
  <system-out><![CDATA[]]></system-out>
  <system-err><![CDATA[]]></system-err>
</testsuite>
