<?xml version="1.0" encoding="UTF-8"?>
<testsuite name="com.aor.numbers.ListSorterTest" tests="2" skipped="0" failures="0" errors="0" timestamp="2022-11-12T00:07:17" hostname="luis-VivoBook-ASUSLaptop-X521EQ-S533EQ" time="0.0">
  <properties/>
  <testcase name="sorterbug_8726()" classname="com.aor.numbers.ListSorterTest" time="0.0"/>
  <testcase name="sort()" classname="com.aor.numbers.ListSorterTest" time="0.0"/>
  <system-out><![CDATA[]]></system-out>
  <system-err><![CDATA[]]></system-err>
</testsuite>
