<?xml version="1.0" encoding="UTF-8"?>
<testsuite name="com.aor.numbers.DivisibleByFilterTest" tests="2" skipped="0" failures="0" errors="0" timestamp="2022-10-25T09:17:23" hostname="luis-VivoBook-ASUSLaptop-X521EQ-S533EQ" time="0.01">
  <properties/>
  <testcase name="acceptdivideby2()" classname="com.aor.numbers.DivisibleByFilterTest" time="0.009"/>
  <testcase name="acceptdivideby3()" classname="com.aor.numbers.DivisibleByFilterTest" time="0.0"/>
  <system-out><![CDATA[]]></system-out>
  <system-err><![CDATA[]]></system-err>
</testsuite>
